f:\4、博士\5、助教\遥感实习\通用材料\示例程序-rs-practice-20210801\rs-practice\x64\release\rspractice.obj
f:\4、博士\5、助教\遥感实习\通用材料\示例程序-rs-practice-20210801\rs-practice\x64\release\main.obj
f:\4、博士\5、助教\遥感实习\通用材料\示例程序-rs-practice-20210801\rs-practice\x64\release\vc140.pdb
f:\4、博士\5、助教\遥感实习\通用材料\示例程序-rs-practice-20210801\rs-practice\x64\release\qrc_rspractice.obj
f:\4、博士\5、助教\遥感实习\通用材料\示例程序-rs-practice-20210801\rs-practice\x64\release\moc_rspractice.obj
f:\4、博士\5、助教\遥感实习\通用材料\示例程序-rs-practice-20210801\x64\release\rs-practice.ilk
f:\4、博士\5、助教\遥感实习\通用材料\示例程序-rs-practice-20210801\x64\release\rs-practice.exe
f:\4、博士\5、助教\遥感实习\通用材料\示例程序-rs-practice-20210801\x64\release\rs-practice.pdb
f:\4、博士\5、助教\遥感实习\通用材料\示例程序-rs-practice-20210801\rs-practice\x64\release\moc\moc_rspractice.cpp
f:\4、博士\5、助教\遥感实习\通用材料\示例程序-rs-practice-20210801\rs-practice\x64\release\rcc\qrc_rspractice.cpp
f:\4、博士\5、助教\遥感实习\通用材料\示例程序-rs-practice-20210801\rs-practice\x64\release\uic\ui_rspractice.h
f:\4、博士\5、助教\遥感实习\通用材料\示例程序-rs-practice-20210801\x64\release\rs-practice.lib
f:\4、博士\5、助教\遥感实习\通用材料\示例程序-rs-practice-20210801\x64\release\rs-practice.exp
f:\4、博士\5、助教\遥感实习\通用材料\示例程序-rs-practice-20210801\rs-practice\x64\release\rs-practice.tlog\cl.command.1.tlog
f:\4、博士\5、助教\遥感实习\通用材料\示例程序-rs-practice-20210801\rs-practice\x64\release\rs-practice.tlog\cl.read.1.tlog
f:\4、博士\5、助教\遥感实习\通用材料\示例程序-rs-practice-20210801\rs-practice\x64\release\rs-practice.tlog\cl.write.1.tlog
f:\4、博士\5、助教\遥感实习\通用材料\示例程序-rs-practice-20210801\rs-practice\x64\release\rs-practice.tlog\link.command.1.tlog
f:\4、博士\5、助教\遥感实习\通用材料\示例程序-rs-practice-20210801\rs-practice\x64\release\rs-practice.tlog\link.read.1.tlog
f:\4、博士\5、助教\遥感实习\通用材料\示例程序-rs-practice-20210801\rs-practice\x64\release\rs-practice.tlog\link.write.1.tlog
f:\4、博士\5、助教\遥感实习\通用材料\示例程序-rs-practice-20210801\rs-practice\x64\release\rs-practice.tlog\moc.read.1u.tlog
f:\4、博士\5、助教\遥感实习\通用材料\示例程序-rs-practice-20210801\rs-practice\x64\release\rs-practice.tlog\moc.write.1u.tlog
f:\4、博士\5、助教\遥感实习\通用材料\示例程序-rs-practice-20210801\rs-practice\x64\release\rs-practice.tlog\rcc.read.1u.tlog
f:\4、博士\5、助教\遥感实习\通用材料\示例程序-rs-practice-20210801\rs-practice\x64\release\rs-practice.tlog\rcc.write.1u.tlog
f:\4、博士\5、助教\遥感实习\通用材料\示例程序-rs-practice-20210801\rs-practice\x64\release\rs-practice.tlog\rs-practice.write.1u.tlog
f:\4、博士\5、助教\遥感实习\通用材料\示例程序-rs-practice-20210801\rs-practice\x64\release\rs-practice.tlog\uic.read.1u.tlog
f:\4、博士\5、助教\遥感实习\通用材料\示例程序-rs-practice-20210801\rs-practice\x64\release\rs-practice.tlog\uic.write.1u.tlog
